[debug] [2022-12-15T09:09:21.967Z] ----------------------------------------------------------------------
[debug] [2022-12-15T09:09:21.968Z] Command:       C:\Program Files\nodejs\node.exe C:\Users\sanket_jadhav1\AppData\Roaming\npm\node_modules\firebase-tools\lib\bin\firebase.js init
[debug] [2022-12-15T09:09:21.969Z] CLI Version:   11.18.0
[debug] [2022-12-15T09:09:21.969Z] Platform:      win32
[debug] [2022-12-15T09:09:21.969Z] Node Version:  v16.16.0
[debug] [2022-12-15T09:09:21.971Z] Time:          Thu Dec 15 2022 14:39:21 GMT+0530 (India Standard Time)
[debug] [2022-12-15T09:09:21.971Z] ----------------------------------------------------------------------
[debug] 
[debug] [2022-12-15T09:09:21.980Z] > command requires scopes: ["email","openid","https://www.googleapis.com/auth/cloudplatformprojects.readonly","https://www.googleapis.com/auth/firebase","https://www.googleapis.com/auth/cloud-platform"]
[debug] [2022-12-15T09:09:21.981Z] > authorizing via signed-in user (sanketj019@gmail.com)
[info] 
     ######## #### ########  ######## ########     ###     ######  ########
     ##        ##  ##     ## ##       ##     ##  ##   ##  ##       ##
     ######    ##  ########  ######   ########  #########  ######  ######
     ##        ##  ##    ##  ##       ##     ## ##     ##       ## ##
     ##       #### ##     ## ######## ########  ##     ##  ######  ########

You're about to initialize a Firebase project in this directory:

  D:\MyProjects\AngularProjects\BookShop

[info] 
=== Project Setup
[info] 
[info] First, let's associate this project directory with a Firebase project.
[info] You can create multiple project aliases by running firebase use --add, 
[info] but for now we'll just set up a default project.
[info] 
[info] i  If you want to create a project in a Google Cloud organization or folder, please use "firebase projects:create" instead, and return to this command when you've created the project. 
[debug] [2022-12-15T09:10:37.198Z] ----------------------------------------------------------------------
[debug] [2022-12-15T09:10:37.199Z] Command:       C:\Program Files\nodejs\node.exe C:\Users\sanket_jadhav1\AppData\Roaming\npm\node_modules\firebase-tools\lib\bin\firebase.js init
[debug] [2022-12-15T09:10:37.200Z] CLI Version:   11.18.0
[debug] [2022-12-15T09:10:37.200Z] Platform:      win32
[debug] [2022-12-15T09:10:37.201Z] Node Version:  v16.16.0
[debug] [2022-12-15T09:10:37.203Z] Time:          Thu Dec 15 2022 14:40:37 GMT+0530 (India Standard Time)
[debug] [2022-12-15T09:10:37.204Z] ----------------------------------------------------------------------
[debug] 
[debug] [2022-12-15T09:10:37.222Z] > command requires scopes: ["email","openid","https://www.googleapis.com/auth/cloudplatformprojects.readonly","https://www.googleapis.com/auth/firebase","https://www.googleapis.com/auth/cloud-platform"]
[debug] [2022-12-15T09:10:37.223Z] > authorizing via signed-in user (sanketj019@gmail.com)
[info] 
     ######## #### ########  ######## ########     ###     ######  ########
     ##        ##  ##     ## ##       ##     ##  ##   ##  ##       ##
     ######    ##  ########  ######   ########  #########  ######  ######
     ##        ##  ##    ##  ##       ##     ## ##     ##       ## ##
     ##       #### ##     ## ######## ########  ##     ##  ######  ########

You're about to initialize a Firebase project in this directory:

  D:\MyProjects\AngularProjects\BookShop

[info] 
=== Project Setup
[info] 
[info] First, let's associate this project directory with a Firebase project.
[info] You can create multiple project aliases by running firebase use --add, 
[info] but for now we'll just set up a default project.
[info] 
[debug] [2022-12-15T09:11:16.891Z] >>> [apiv2][query] GET https://firebase.googleapis.com/v1beta1/projects pageSize=100
[debug] [2022-12-15T09:11:18.712Z] Failed to make request to https://firebase.googleapis.com/v1beta1/projects?pageSize=100
[debug] [2022-12-15T09:11:20.690Z] FirebaseError: Failed to make request to https://firebase.googleapis.com/v1beta1/projects?pageSize=100
    at RetryOperation._fn (C:\Users\sanket_jadhav1\AppData\Roaming\npm\node_modules\firebase-tools\lib\apiv2.js:242:31)
    at processTicksAndRejections (node:internal/process/task_queues:96:5)
[error] 
[error] Error: Failed to list Firebase projects. See firebase-debug.log for more info.
